[2024-10-06T16:08:55.097+0000] {local_task_job_runner.py:123} INFO - ::group::Pre task execution logs
[2024-10-06T16:08:55.277+0000] {taskinstance.py:2612} INFO - Dependencies all met for dep_context=non-requeueable deps ti=<TaskInstance: etl_pipeline.extract_csv scheduled__2024-10-05T00:00:00+00:00 [queued]>
[2024-10-06T16:08:55.389+0000] {taskinstance.py:2612} INFO - Dependencies all met for dep_context=requeueable deps ti=<TaskInstance: etl_pipeline.extract_csv scheduled__2024-10-05T00:00:00+00:00 [queued]>
[2024-10-06T16:08:55.397+0000] {taskinstance.py:2865} INFO - Starting attempt 1 of 2
[2024-10-06T16:09:17.667+0000] {taskinstance.py:2888} INFO - Executing <Task(PythonOperator): extract_csv> on 2024-10-05 00:00:00+00:00
[2024-10-06T16:09:17.694+0000] {warnings.py:112} WARNING - /home/***/.local/lib/python3.12/site-packages/***/task/task_runner/standard_task_runner.py:70: DeprecationWarning: This process (pid=140) is multi-threaded, use of fork() may lead to deadlocks in the child.
  pid = os.fork()

[2024-10-06T16:09:17.711+0000] {standard_task_runner.py:72} INFO - Started process 151 to run task
[2024-10-06T16:09:17.707+0000] {standard_task_runner.py:104} INFO - Running: ['***', 'tasks', 'run', 'etl_pipeline', 'extract_csv', 'scheduled__2024-10-05T00:00:00+00:00', '--job-id', '6', '--raw', '--subdir', 'DAGS_FOLDER/etl_pipeline.py', '--cfg-path', '/tmp/tmpo2rxxkd5']
[2024-10-06T16:09:17.727+0000] {standard_task_runner.py:105} INFO - Job 6: Subtask extract_csv
[2024-10-06T16:09:17.988+0000] {task_command.py:467} INFO - Running <TaskInstance: etl_pipeline.extract_csv scheduled__2024-10-05T00:00:00+00:00 [running]> on host 8dc237c78455
[2024-10-06T16:09:18.336+0000] {taskinstance.py:3131} INFO - Exporting env vars: AIRFLOW_CTX_DAG_OWNER='***' AIRFLOW_CTX_DAG_ID='etl_pipeline' AIRFLOW_CTX_TASK_ID='extract_csv' AIRFLOW_CTX_EXECUTION_DATE='2024-10-05T00:00:00+00:00' AIRFLOW_CTX_TRY_NUMBER='1' AIRFLOW_CTX_DAG_RUN_ID='scheduled__2024-10-05T00:00:00+00:00'
[2024-10-06T16:09:18.339+0000] {taskinstance.py:731} INFO - ::endgroup::
[2024-10-06T16:09:18.927+0000] {python.py:240} INFO - Done. Returned value was: None
[2024-10-06T16:09:18.982+0000] {taskinstance.py:340} INFO - ::group::Post task execution logs
[2024-10-06T16:09:18.986+0000] {taskinstance.py:352} INFO - Marking task as SUCCESS. dag_id=etl_pipeline, task_id=extract_csv, run_id=scheduled__2024-10-05T00:00:00+00:00, execution_date=20241005T000000, start_date=20241006T160855, end_date=20241006T160918
[2024-10-06T16:09:19.100+0000] {local_task_job_runner.py:266} INFO - Task exited with return code 0
[2024-10-06T16:09:19.169+0000] {taskinstance.py:3900} INFO - 0 downstream tasks scheduled from follow-on schedule check
[2024-10-06T16:09:19.193+0000] {local_task_job_runner.py:245} INFO - ::endgroup::
[2024-10-06T16:35:51.673+0000] {local_task_job_runner.py:123} INFO - ::group::Pre task execution logs
[2024-10-06T16:35:52.533+0000] {taskinstance.py:2612} INFO - Dependencies all met for dep_context=non-requeueable deps ti=<TaskInstance: etl_pipeline.extract_csv scheduled__2024-10-05T00:00:00+00:00 [queued]>
[2024-10-06T16:35:52.572+0000] {taskinstance.py:2612} INFO - Dependencies all met for dep_context=requeueable deps ti=<TaskInstance: etl_pipeline.extract_csv scheduled__2024-10-05T00:00:00+00:00 [queued]>
[2024-10-06T16:35:52.573+0000] {taskinstance.py:2865} INFO - Starting attempt 1 of 2
[2024-10-06T16:35:52.655+0000] {taskinstance.py:2888} INFO - Executing <Task(PythonOperator): extract_csv> on 2024-10-05 00:00:00+00:00
[2024-10-06T16:35:52.690+0000] {warnings.py:112} WARNING - /home/***/.local/lib/python3.12/site-packages/***/task/task_runner/standard_task_runner.py:70: DeprecationWarning: This process (pid=201) is multi-threaded, use of fork() may lead to deadlocks in the child.
  pid = os.fork()

[2024-10-06T16:35:52.698+0000] {standard_task_runner.py:72} INFO - Started process 203 to run task
[2024-10-06T16:35:52.691+0000] {standard_task_runner.py:104} INFO - Running: ['***', 'tasks', 'run', 'etl_pipeline', 'extract_csv', 'scheduled__2024-10-05T00:00:00+00:00', '--job-id', '5', '--raw', '--subdir', 'DAGS_FOLDER/etl_pipeline.py', '--cfg-path', '/tmp/tmpdjfilld7']
[2024-10-06T16:35:52.704+0000] {standard_task_runner.py:105} INFO - Job 5: Subtask extract_csv
[2024-10-06T16:35:52.898+0000] {task_command.py:467} INFO - Running <TaskInstance: etl_pipeline.extract_csv scheduled__2024-10-05T00:00:00+00:00 [running]> on host d0efb872fab5
[2024-10-06T16:35:53.509+0000] {taskinstance.py:3131} INFO - Exporting env vars: AIRFLOW_CTX_DAG_OWNER='***' AIRFLOW_CTX_DAG_ID='etl_pipeline' AIRFLOW_CTX_TASK_ID='extract_csv' AIRFLOW_CTX_EXECUTION_DATE='2024-10-05T00:00:00+00:00' AIRFLOW_CTX_TRY_NUMBER='1' AIRFLOW_CTX_DAG_RUN_ID='scheduled__2024-10-05T00:00:00+00:00'
[2024-10-06T16:35:53.521+0000] {taskinstance.py:731} INFO - ::endgroup::
[2024-10-06T16:35:53.722+0000] {python.py:240} INFO - Done. Returned value was: None
[2024-10-06T16:35:53.760+0000] {taskinstance.py:340} INFO - ::group::Post task execution logs
[2024-10-06T16:35:53.770+0000] {taskinstance.py:352} INFO - Marking task as SUCCESS. dag_id=etl_pipeline, task_id=extract_csv, run_id=scheduled__2024-10-05T00:00:00+00:00, execution_date=20241005T000000, start_date=20241006T163552, end_date=20241006T163553
[2024-10-06T16:35:53.857+0000] {local_task_job_runner.py:266} INFO - Task exited with return code 0
[2024-10-06T16:35:53.928+0000] {taskinstance.py:3900} INFO - 0 downstream tasks scheduled from follow-on schedule check
[2024-10-06T16:35:53.943+0000] {local_task_job_runner.py:245} INFO - ::endgroup::
[2024-10-06T16:56:00.838+0000] {local_task_job_runner.py:123} INFO - ::group::Pre task execution logs
[2024-10-06T16:56:01.745+0000] {taskinstance.py:2612} INFO - Dependencies all met for dep_context=non-requeueable deps ti=<TaskInstance: etl_pipeline.extract_csv scheduled__2024-10-05T00:00:00+00:00 [queued]>
[2024-10-06T16:56:01.806+0000] {taskinstance.py:2612} INFO - Dependencies all met for dep_context=requeueable deps ti=<TaskInstance: etl_pipeline.extract_csv scheduled__2024-10-05T00:00:00+00:00 [queued]>
[2024-10-06T16:56:01.808+0000] {taskinstance.py:2865} INFO - Starting attempt 1 of 2
[2024-10-06T16:56:01.926+0000] {taskinstance.py:2888} INFO - Executing <Task(PythonOperator): extract_csv> on 2024-10-05 00:00:00+00:00
[2024-10-06T16:56:01.970+0000] {warnings.py:112} WARNING - /home/***/.local/lib/python3.12/site-packages/***/task/task_runner/standard_task_runner.py:70: DeprecationWarning: This process (pid=155) is multi-threaded, use of fork() may lead to deadlocks in the child.
  pid = os.fork()

[2024-10-06T16:56:01.982+0000] {standard_task_runner.py:72} INFO - Started process 166 to run task
[2024-10-06T16:56:01.990+0000] {standard_task_runner.py:104} INFO - Running: ['***', 'tasks', 'run', 'etl_pipeline', 'extract_csv', 'scheduled__2024-10-05T00:00:00+00:00', '--job-id', '5', '--raw', '--subdir', 'DAGS_FOLDER/etl_pipeline.py', '--cfg-path', '/tmp/tmpnkhug0e1']
[2024-10-06T16:56:02.006+0000] {standard_task_runner.py:105} INFO - Job 5: Subtask extract_csv
[2024-10-06T16:56:02.457+0000] {task_command.py:467} INFO - Running <TaskInstance: etl_pipeline.extract_csv scheduled__2024-10-05T00:00:00+00:00 [running]> on host 6f8fa0a60589
[2024-10-06T16:56:03.863+0000] {taskinstance.py:3131} INFO - Exporting env vars: AIRFLOW_CTX_DAG_OWNER='***' AIRFLOW_CTX_DAG_ID='etl_pipeline' AIRFLOW_CTX_TASK_ID='extract_csv' AIRFLOW_CTX_EXECUTION_DATE='2024-10-05T00:00:00+00:00' AIRFLOW_CTX_TRY_NUMBER='1' AIRFLOW_CTX_DAG_RUN_ID='scheduled__2024-10-05T00:00:00+00:00'
[2024-10-06T16:56:03.906+0000] {taskinstance.py:731} INFO - ::endgroup::
[2024-10-06T16:56:04.969+0000] {python.py:240} INFO - Done. Returned value was: None
[2024-10-06T16:56:05.092+0000] {taskinstance.py:340} INFO - ::group::Post task execution logs
[2024-10-06T16:56:05.097+0000] {taskinstance.py:352} INFO - Marking task as SUCCESS. dag_id=etl_pipeline, task_id=extract_csv, run_id=scheduled__2024-10-05T00:00:00+00:00, execution_date=20241005T000000, start_date=20241006T165601, end_date=20241006T165605
[2024-10-06T16:56:05.405+0000] {local_task_job_runner.py:266} INFO - Task exited with return code 0
[2024-10-06T16:56:05.769+0000] {taskinstance.py:3900} INFO - 0 downstream tasks scheduled from follow-on schedule check
[2024-10-06T16:56:05.848+0000] {local_task_job_runner.py:245} INFO - ::endgroup::
[2024-10-06T17:14:41.176+0000] {local_task_job_runner.py:123} INFO - ::group::Pre task execution logs
[2024-10-06T17:14:42.516+0000] {taskinstance.py:2612} INFO - Dependencies all met for dep_context=non-requeueable deps ti=<TaskInstance: etl_pipeline.extract_csv scheduled__2024-10-05T00:00:00+00:00 [queued]>
[2024-10-06T17:14:42.584+0000] {taskinstance.py:2612} INFO - Dependencies all met for dep_context=requeueable deps ti=<TaskInstance: etl_pipeline.extract_csv scheduled__2024-10-05T00:00:00+00:00 [queued]>
[2024-10-06T17:14:42.595+0000] {taskinstance.py:2865} INFO - Starting attempt 1 of 2
[2024-10-06T17:14:42.787+0000] {taskinstance.py:2888} INFO - Executing <Task(PythonOperator): extract_csv> on 2024-10-05 00:00:00+00:00
[2024-10-06T17:14:42.856+0000] {warnings.py:112} WARNING - /home/***/.local/lib/python3.12/site-packages/***/task/task_runner/standard_task_runner.py:70: DeprecationWarning: This process (pid=131) is multi-threaded, use of fork() may lead to deadlocks in the child.
  pid = os.fork()

[2024-10-06T17:14:42.849+0000] {standard_task_runner.py:104} INFO - Running: ['***', 'tasks', 'run', 'etl_pipeline', 'extract_csv', 'scheduled__2024-10-05T00:00:00+00:00', '--job-id', '6', '--raw', '--subdir', 'DAGS_FOLDER/etl_pipeline.py', '--cfg-path', '/tmp/tmphecy8ajf']
[2024-10-06T17:14:42.885+0000] {standard_task_runner.py:105} INFO - Job 6: Subtask extract_csv
[2024-10-06T17:14:42.873+0000] {standard_task_runner.py:72} INFO - Started process 137 to run task
[2024-10-06T17:14:43.340+0000] {task_command.py:467} INFO - Running <TaskInstance: etl_pipeline.extract_csv scheduled__2024-10-05T00:00:00+00:00 [running]> on host 0cbddbe17999
[2024-10-06T17:14:43.894+0000] {taskinstance.py:3131} INFO - Exporting env vars: AIRFLOW_CTX_DAG_OWNER='***' AIRFLOW_CTX_DAG_ID='etl_pipeline' AIRFLOW_CTX_TASK_ID='extract_csv' AIRFLOW_CTX_EXECUTION_DATE='2024-10-05T00:00:00+00:00' AIRFLOW_CTX_TRY_NUMBER='1' AIRFLOW_CTX_DAG_RUN_ID='scheduled__2024-10-05T00:00:00+00:00'
[2024-10-06T17:14:43.904+0000] {taskinstance.py:731} INFO - ::endgroup::
[2024-10-06T17:14:44.249+0000] {python.py:240} INFO - Done. Returned value was: None
[2024-10-06T17:14:44.321+0000] {taskinstance.py:340} INFO - ::group::Post task execution logs
[2024-10-06T17:14:44.322+0000] {taskinstance.py:352} INFO - Marking task as SUCCESS. dag_id=etl_pipeline, task_id=extract_csv, run_id=scheduled__2024-10-05T00:00:00+00:00, execution_date=20241005T000000, start_date=20241006T171442, end_date=20241006T171444
[2024-10-06T17:14:44.599+0000] {local_task_job_runner.py:266} INFO - Task exited with return code 0
[2024-10-06T17:14:44.826+0000] {taskinstance.py:3900} INFO - 1 downstream tasks scheduled from follow-on schedule check
[2024-10-06T17:14:44.891+0000] {local_task_job_runner.py:245} INFO - ::endgroup::
[2024-10-06T18:04:49.434+0000] {local_task_job_runner.py:123} INFO - ::group::Pre task execution logs
[2024-10-06T18:04:49.749+0000] {taskinstance.py:2612} INFO - Dependencies all met for dep_context=non-requeueable deps ti=<TaskInstance: etl_pipeline.extract_csv scheduled__2024-10-05T00:00:00+00:00 [queued]>
[2024-10-06T18:04:49.823+0000] {taskinstance.py:2612} INFO - Dependencies all met for dep_context=requeueable deps ti=<TaskInstance: etl_pipeline.extract_csv scheduled__2024-10-05T00:00:00+00:00 [queued]>
[2024-10-06T18:04:49.824+0000] {taskinstance.py:2865} INFO - Starting attempt 1 of 2
[2024-10-06T18:04:53.148+0000] {taskinstance.py:2888} INFO - Executing <Task(PythonOperator): extract_csv> on 2024-10-05 00:00:00+00:00
[2024-10-06T18:04:53.190+0000] {warnings.py:112} WARNING - /home/***/.local/lib/python3.12/site-packages/***/task/task_runner/standard_task_runner.py:70: DeprecationWarning: This process (pid=130) is multi-threaded, use of fork() may lead to deadlocks in the child.
  pid = os.fork()

[2024-10-06T18:04:53.196+0000] {standard_task_runner.py:72} INFO - Started process 135 to run task
[2024-10-06T18:04:53.201+0000] {standard_task_runner.py:104} INFO - Running: ['***', 'tasks', 'run', 'etl_pipeline', 'extract_csv', 'scheduled__2024-10-05T00:00:00+00:00', '--job-id', '5', '--raw', '--subdir', 'DAGS_FOLDER/etl_pipeline.py', '--cfg-path', '/tmp/tmp2xwpw4eq']
[2024-10-06T18:04:53.215+0000] {standard_task_runner.py:105} INFO - Job 5: Subtask extract_csv
[2024-10-06T18:04:53.579+0000] {task_command.py:467} INFO - Running <TaskInstance: etl_pipeline.extract_csv scheduled__2024-10-05T00:00:00+00:00 [running]> on host 17f17543b6e1
[2024-10-06T18:04:53.881+0000] {taskinstance.py:3131} INFO - Exporting env vars: AIRFLOW_CTX_DAG_OWNER='***' AIRFLOW_CTX_DAG_ID='etl_pipeline' AIRFLOW_CTX_TASK_ID='extract_csv' AIRFLOW_CTX_EXECUTION_DATE='2024-10-05T00:00:00+00:00' AIRFLOW_CTX_TRY_NUMBER='1' AIRFLOW_CTX_DAG_RUN_ID='scheduled__2024-10-05T00:00:00+00:00'
[2024-10-06T18:04:53.884+0000] {taskinstance.py:731} INFO - ::endgroup::
[2024-10-06T18:04:53.999+0000] {python.py:240} INFO - Done. Returned value was: None
[2024-10-06T18:04:54.057+0000] {taskinstance.py:340} INFO - ::group::Post task execution logs
[2024-10-06T18:04:54.058+0000] {taskinstance.py:352} INFO - Marking task as SUCCESS. dag_id=etl_pipeline, task_id=extract_csv, run_id=scheduled__2024-10-05T00:00:00+00:00, execution_date=20241005T000000, start_date=20241006T180449, end_date=20241006T180454
[2024-10-06T18:04:54.176+0000] {local_task_job_runner.py:266} INFO - Task exited with return code 0
[2024-10-06T18:04:54.287+0000] {taskinstance.py:3900} INFO - 1 downstream tasks scheduled from follow-on schedule check
[2024-10-06T18:04:54.297+0000] {local_task_job_runner.py:245} INFO - ::endgroup::
[2024-10-06T19:08:56.936+0000] {local_task_job_runner.py:123} INFO - ::group::Pre task execution logs
[2024-10-06T19:09:00.009+0000] {taskinstance.py:2612} INFO - Dependencies all met for dep_context=non-requeueable deps ti=<TaskInstance: etl_pipeline.extract_csv scheduled__2024-10-05T00:00:00+00:00 [queued]>
[2024-10-06T19:09:00.160+0000] {taskinstance.py:2612} INFO - Dependencies all met for dep_context=requeueable deps ti=<TaskInstance: etl_pipeline.extract_csv scheduled__2024-10-05T00:00:00+00:00 [queued]>
[2024-10-06T19:09:00.168+0000] {taskinstance.py:2865} INFO - Starting attempt 1 of 2
[2024-10-06T19:09:00.309+0000] {taskinstance.py:2888} INFO - Executing <Task(PythonOperator): extract_csv> on 2024-10-05 00:00:00+00:00
[2024-10-06T19:09:00.377+0000] {warnings.py:112} WARNING - /home/***/.local/lib/python3.12/site-packages/***/task/task_runner/standard_task_runner.py:70: DeprecationWarning: This process (pid=250) is multi-threaded, use of fork() may lead to deadlocks in the child.
  pid = os.fork()

[2024-10-06T19:09:00.408+0000] {standard_task_runner.py:72} INFO - Started process 261 to run task
[2024-10-06T19:09:00.397+0000] {standard_task_runner.py:104} INFO - Running: ['***', 'tasks', 'run', 'etl_pipeline', 'extract_csv', 'scheduled__2024-10-05T00:00:00+00:00', '--job-id', '5', '--raw', '--subdir', 'DAGS_FOLDER/etl_pipeline.py', '--cfg-path', '/tmp/tmpufsl0orw']
[2024-10-06T19:09:00.445+0000] {standard_task_runner.py:105} INFO - Job 5: Subtask extract_csv
[2024-10-06T19:09:01.034+0000] {task_command.py:467} INFO - Running <TaskInstance: etl_pipeline.extract_csv scheduled__2024-10-05T00:00:00+00:00 [running]> on host c9ff1ae97c7a
[2024-10-06T19:09:02.922+0000] {taskinstance.py:3131} INFO - Exporting env vars: AIRFLOW_CTX_DAG_OWNER='***' AIRFLOW_CTX_DAG_ID='etl_pipeline' AIRFLOW_CTX_TASK_ID='extract_csv' AIRFLOW_CTX_EXECUTION_DATE='2024-10-05T00:00:00+00:00' AIRFLOW_CTX_TRY_NUMBER='1' AIRFLOW_CTX_DAG_RUN_ID='scheduled__2024-10-05T00:00:00+00:00'
[2024-10-06T19:09:02.981+0000] {taskinstance.py:731} INFO - ::endgroup::
[2024-10-06T19:09:05.245+0000] {python.py:240} INFO - Done. Returned value was: None
[2024-10-06T19:09:05.349+0000] {taskinstance.py:340} INFO - ::group::Post task execution logs
[2024-10-06T19:09:05.351+0000] {taskinstance.py:352} INFO - Marking task as SUCCESS. dag_id=etl_pipeline, task_id=extract_csv, run_id=scheduled__2024-10-05T00:00:00+00:00, execution_date=20241005T000000, start_date=20241006T190900, end_date=20241006T190905
[2024-10-06T19:09:05.901+0000] {local_task_job_runner.py:266} INFO - Task exited with return code 0
[2024-10-06T19:09:06.437+0000] {taskinstance.py:3900} INFO - 1 downstream tasks scheduled from follow-on schedule check
[2024-10-06T19:09:06.526+0000] {local_task_job_runner.py:245} INFO - ::endgroup::
